# JRE version: Java(TM) SE Runtime Environment (8.0_66-b17) (build 1.8.0_66-b17)
# Java VM: Java HotSpot(TM) 64-Bit Server VM (25.66-b17 mixed mode linux-amd64 compressed oops)
Heap:
 PSYoungGen      total 208384K, used 0K [0x00000000eab00000, 0x0000000100000000, 0x0000000100000000)
  eden space 129024K, 0% used [0x00000000eab00000,0x00000000eab00000,0x00000000f2900000)
  from space 79360K, 0% used [0x00000000fb280000,0x00000000fb280000,0x0000000100000000)
  to   space 110080K, 0% used [0x00000000f2900000,0x00000000f2900000,0x00000000f9480000)
 ParOldGen       total 225792K, used 222089K [0x00000000c0000000, 0x00000000cdc80000, 0x00000000eab00000)
  object space 225792K, 98% used [0x00000000c0000000,0x00000000cd8e2728,0x00000000cdc80000)
 Metaspace       used 6230K, capacity 7154K, committed 7296K, reserved 1056768K
  class space    used 600K, capacity 618K, committed 640K, reserved 1048576K
GC Heap History (10 events):
Event: 20,664 GC heap after
Heap after GC invocations=9 (full 1):
 PSYoungGen      total 225792K, used 25575K [0x00000000eab00000, 0x00000000fc900000, 0x0000000100000000)
  eden space 200192K, 0% used [0x00000000eab00000,0x00000000eab00000,0x00000000f6e80000)
  from space 25600K, 99% used [0x00000000fb000000,0x00000000fc8f9f50,0x00000000fc900000)
  to   space 46080K, 0% used [0x00000000f6f00000,0x00000000f6f00000,0x00000000f9c00000)
 ParOldGen       total 78848K, used 78553K [0x00000000c0000000, 0x00000000c4d00000, 0x00000000eab00000)
  object space 78848K, 99% used [0x00000000c0000000,0x00000000c4cb6790,0x00000000c4d00000)
 Metaspace       used 6221K, capacity 7154K, committed 7296K, reserved 1056768K
  class space    used 598K, capacity 618K, committed 640K, reserved 1048576K
}
Event: 20,664 GC heap before
{Heap before GC invocations=10 (full 2):
 PSYoungGen      total 225792K, used 25575K [0x00000000eab00000, 0x00000000fc900000, 0x0000000100000000)
  eden space 200192K, 0% used [0x00000000eab00000,0x00000000eab00000,0x00000000f6e80000)
  from space 25600K, 99% used [0x00000000fb000000,0x00000000fc8f9f50,0x00000000fc900000)
  to   space 46080K, 0% used [0x00000000f6f00000,0x00000000f6f00000,0x00000000f9c00000)
 ParOldGen       total 78848K, used 78553K [0x00000000c0000000, 0x00000000c4d00000, 0x00000000eab00000)
  object space 78848K, 99% used [0x00000000c0000000,0x00000000c4cb6790,0x00000000c4d00000)
 Metaspace       used 6221K, capacity 7154K, committed 7296K, reserved 1056768K
  class space    used 598K, capacity 618K, committed 640K, reserved 1048576K
Event: 21,467 GC heap after
Heap after GC invocations=10 (full 2):
 PSYoungGen      total 225792K, used 15997K [0x00000000eab00000, 0x00000000fc900000, 0x0000000100000000)
  eden space 200192K, 0% used [0x00000000eab00000,0x00000000eab00000,0x00000000f6e80000)
  from space 25600K, 62% used [0x00000000fb000000,0x00000000fbf9f760,0x00000000fc900000)
  to   space 46080K, 0% used [0x00000000f6f00000,0x00000000f6f00000,0x00000000f9c00000)
 ParOldGen       total 136704K, used 78527K [0x00000000c0000000, 0x00000000c8580000, 0x00000000eab00000)
  object space 136704K, 57% used [0x00000000c0000000,0x00000000c4cafd28,0x00000000c8580000)
 Metaspace       used 6221K, capacity 7154K, committed 7296K, reserved 1056768K
  class space    used 598K, capacity 618K, committed 640K, reserved 1048576K
}
Event: 22,746 GC heap before
{Heap before GC invocations=11 (full 2):
 PSYoungGen      total 225792K, used 216189K [0x00000000eab00000, 0x00000000fc900000, 0x0000000100000000)
  eden space 200192K, 100% used [0x00000000eab00000,0x00000000f6e80000,0x00000000f6e80000)
  from space 25600K, 62% used [0x00000000fb000000,0x00000000fbf9f760,0x00000000fc900000)
  to   space 46080K, 0% used [0x00000000f6f00000,0x00000000f6f00000,0x00000000f9c00000)
 ParOldGen       total 136704K, used 78527K [0x00000000c0000000, 0x00000000c8580000, 0x00000000eab00000)
  object space 136704K, 57% used [0x00000000c0000000,0x00000000c4cafd28,0x00000000c8580000)
 Metaspace       used 6230K, capacity 7154K, committed 7296K, reserved 1056768K
  class space    used 600K, capacity 618K, committed 640K, reserved 1048576K
Event: 23,215 GC heap after
Heap after GC invocations=11 (full 2):
 PSYoungGen      total 246784K, used 46073K [0x00000000eab00000, 0x0000000100000000, 0x0000000100000000)
  eden space 200704K, 0% used [0x00000000eab00000,0x00000000eab00000,0x00000000f6f00000)
  from space 46080K, 99% used [0x00000000f6f00000,0x00000000f9bfe540,0x00000000f9c00000)
  to   space 79360K, 0% used [0x00000000fb280000,0x00000000fb280000,0x0000000100000000)
 ParOldGen       total 139264K, used 139233K [0x00000000c0000000, 0x00000000c8800000, 0x00000000eab00000)
  object space 139264K, 99% used [0x00000000c0000000,0x00000000c87f8728,0x00000000c8800000)
 Metaspace       used 6230K, capacity 7154K, committed 7296K, reserved 1056768K
  class space    used 600K, capacity 618K, committed 640K, reserved 1048576K
}
Event: 23,215 GC heap before
{Heap before GC invocations=12 (full 3):
 PSYoungGen      total 246784K, used 46073K [0x00000000eab00000, 0x0000000100000000, 0x0000000100000000)
  eden space 200704K, 0% used [0x00000000eab00000,0x00000000eab00000,0x00000000f6f00000)
  from space 46080K, 99% used [0x00000000f6f00000,0x00000000f9bfe540,0x00000000f9c00000)
  to   space 79360K, 0% used [0x00000000fb280000,0x00000000fb280000,0x0000000100000000)
 ParOldGen       total 139264K, used 139233K [0x00000000c0000000, 0x00000000c8800000, 0x00000000eab00000)
  object space 139264K, 99% used [0x00000000c0000000,0x00000000c87f8728,0x00000000c8800000)
 Metaspace       used 6230K, capacity 7154K, committed 7296K, reserved 1056768K
  class space    used 600K, capacity 618K, committed 640K, reserved 1048576K
Event: 23,886 GC heap after
Heap after GC invocations=12 (full 3):
 PSYoungGen      total 246784K, used 36955K [0x00000000eab00000, 0x0000000100000000, 0x0000000100000000)
  eden space 200704K, 0% used [0x00000000eab00000,0x00000000eab00000,0x00000000f6f00000)
  from space 46080K, 80% used [0x00000000f6f00000,0x00000000f9316c30,0x00000000f9c00000)
  to   space 79360K, 0% used [0x00000000fb280000,0x00000000fb280000,0x0000000100000000)
 ParOldGen       total 225792K, used 138757K [0x00000000c0000000, 0x00000000cdc80000, 0x00000000eab00000)
  object space 225792K, 61% used [0x00000000c0000000,0x00000000c8781550,0x00000000cdc80000)
 Metaspace       used 6230K, capacity 7154K, committed 7296K, reserved 1056768K
  class space    used 600K, capacity 618K, committed 640K, reserved 1048576K
}
Event: 24,067 GC heap before
{Heap before GC invocations=13 (full 3):
 PSYoungGen      total 246784K, used 237659K [0x00000000eab00000, 0x0000000100000000, 0x0000000100000000)
  eden space 200704K, 100% used [0x00000000eab00000,0x00000000f6f00000,0x00000000f6f00000)
  from space 46080K, 80% used [0x00000000f6f00000,0x00000000f9316c30,0x00000000f9c00000)
  to   space 79360K, 0% used [0x00000000fb280000,0x00000000fb280000,0x0000000100000000)
 ParOldGen       total 225792K, used 138757K [0x00000000c0000000, 0x00000000cdc80000, 0x00000000eab00000)
  object space 225792K, 61% used [0x00000000c0000000,0x00000000c8781550,0x00000000cdc80000)
 Metaspace       used 6230K, capacity 7154K, committed 7296K, reserved 1056768K
  class space    used 600K, capacity 618K, committed 640K, reserved 1048576K
Event: 24,390 GC heap after
Heap after GC invocations=13 (full 3):
 PSYoungGen      total 208384K, used 79341K [0x00000000eab00000, 0x0000000100000000, 0x0000000100000000)
  eden space 129024K, 0% used [0x00000000eab00000,0x00000000eab00000,0x00000000f2900000)
  from space 79360K, 99% used [0x00000000fb280000,0x00000000ffffb700,0x0000000100000000)
  to   space 110080K, 0% used [0x00000000f2900000,0x00000000f2900000,0x00000000f9480000)
 ParOldGen       total 225792K, used 184669K [0x00000000c0000000, 0x00000000cdc80000, 0x00000000eab00000)
  object space 225792K, 81% used [0x00000000c0000000,0x00000000cb457520,0x00000000cdc80000)
 Metaspace       used 6230K, capacity 7154K, committed 7296K, reserved 1056768K
  class space    used 600K, capacity 618K, committed 640K, reserved 1048576K
}
Event: 24,390 GC heap before
{Heap before GC invocations=14 (full 4):
 PSYoungGen      total 208384K, used 79341K [0x00000000eab00000, 0x0000000100000000, 0x0000000100000000)
  eden space 129024K, 0% used [0x00000000eab00000,0x00000000eab00000,0x00000000f2900000)
  from space 79360K, 99% used [0x00000000fb280000,0x00000000ffffb700,0x0000000100000000)
  to   space 110080K, 0% used [0x00000000f2900000,0x00000000f2900000,0x00000000f9480000)
 ParOldGen       total 225792K, used 184669K [0x00000000c0000000, 0x00000000cdc80000, 0x00000000eab00000)
  object space 225792K, 81% used [0x00000000c0000000,0x00000000cb457520,0x00000000cdc80000)
 Metaspace       used 6230K, capacity 7154K, committed 7296K, reserved 1056768K
  class space    used 600K, capacity 618K, committed 640K, reserved 1048576K

