# JRE version: Java(TM) SE Runtime Environment (8.0_66-b17) (build 1.8.0_66-b17)
# Java VM: Java HotSpot(TM) 64-Bit Server VM (25.66-b17 mixed mode linux-amd64 compressed oops)
Heap:
 PSYoungGen      total 136192K, used 15349K [0x00000000eab00000, 0x00000000f4100000, 0x0000000100000000)
  eden space 120832K, 0% used [0x00000000eab00000,0x00000000eab00000,0x00000000f2100000)
  from space 15360K, 99% used [0x00000000f2100000,0x00000000f2ffd640,0x00000000f3000000)
  to   space 13312K, 0% used [0x00000000f3000000,0x00000000f3000000,0x00000000f3d00000)
 ParOldGen       total 51712K, used 20600K [0x00000000c0000000, 0x00000000c3280000, 0x00000000eab00000)
  object space 51712K, 39% used [0x00000000c0000000,0x00000000c141e058,0x00000000c3280000)
 Metaspace       used 7650K, capacity 7966K, committed 8320K, reserved 1056768K
  class space    used 740K, capacity 785K, committed 896K, reserved 1048576K
GC Heap History (10 events):
Event: 2,554 GC heap after
Heap after GC invocations=3 (full 0):
 PSYoungGen      total 33280K, used 2532K [0x00000000eab00000, 0x00000000eec00000, 0x0000000100000000)
  eden space 30720K, 0% used [0x00000000eab00000,0x00000000eab00000,0x00000000ec900000)
  from space 2560K, 98% used [0x00000000ec900000,0x00000000ecb791b8,0x00000000ecb80000)
  to   space 2560K, 0% used [0x00000000ee980000,0x00000000ee980000,0x00000000eec00000)
 ParOldGen       total 40960K, used 12772K [0x00000000c0000000, 0x00000000c2800000, 0x00000000eab00000)
  object space 40960K, 31% used [0x00000000c0000000,0x00000000c0c79398,0x00000000c2800000)
 Metaspace       used 5863K, capacity 6896K, committed 7040K, reserved 1056768K
  class space    used 577K, capacity 616K, committed 640K, reserved 1048576K
}
Event: 3,692 GC heap before
{Heap before GC invocations=4 (full 0):
 PSYoungGen      total 33280K, used 33252K [0x00000000eab00000, 0x00000000eec00000, 0x0000000100000000)
  eden space 30720K, 100% used [0x00000000eab00000,0x00000000ec900000,0x00000000ec900000)
  from space 2560K, 98% used [0x00000000ec900000,0x00000000ecb791b8,0x00000000ecb80000)
  to   space 2560K, 0% used [0x00000000ee980000,0x00000000ee980000,0x00000000eec00000)
 ParOldGen       total 40960K, used 12772K [0x00000000c0000000, 0x00000000c2800000, 0x00000000eab00000)
  object space 40960K, 31% used [0x00000000c0000000,0x00000000c0c79398,0x00000000c2800000)
 Metaspace       used 7478K, capacity 7960K, committed 8320K, reserved 1056768K
  class space    used 730K, capacity 784K, committed 896K, reserved 1048576K
Event: 3,712 GC heap after
Heap after GC invocations=4 (full 0):
 PSYoungGen      total 64000K, used 2539K [0x00000000eab00000, 0x00000000eec00000, 0x0000000100000000)
  eden space 61440K, 0% used [0x00000000eab00000,0x00000000eab00000,0x00000000ee700000)
  from space 2560K, 99% used [0x00000000ee980000,0x00000000eebfaf60,0x00000000eec00000)
  to   space 2560K, 0% used [0x00000000ee700000,0x00000000ee700000,0x00000000ee980000)
 ParOldGen       total 40960K, used 20423K [0x00000000c0000000, 0x00000000c2800000, 0x00000000eab00000)
  object space 40960K, 49% used [0x00000000c0000000,0x00000000c13f1cb8,0x00000000c2800000)
 Metaspace       used 7478K, capacity 7960K, committed 8320K, reserved 1056768K
  class space    used 730K, capacity 784K, committed 896K, reserved 1048576K
}
Event: 4,483 GC heap before
{Heap before GC invocations=5 (full 0):
 PSYoungGen      total 64000K, used 63979K [0x00000000eab00000, 0x00000000eec00000, 0x0000000100000000)
  eden space 61440K, 100% used [0x00000000eab00000,0x00000000ee700000,0x00000000ee700000)
  from space 2560K, 99% used [0x00000000ee980000,0x00000000eebfaf60,0x00000000eec00000)
  to   space 2560K, 0% used [0x00000000ee700000,0x00000000ee700000,0x00000000ee980000)
 ParOldGen       total 40960K, used 20423K [0x00000000c0000000, 0x00000000c2800000, 0x00000000eab00000)
  object space 40960K, 49% used [0x00000000c0000000,0x00000000c13f1cb8,0x00000000c2800000)
 Metaspace       used 7543K, capacity 7960K, committed 8320K, reserved 1056768K
  class space    used 731K, capacity 784K, committed 896K, reserved 1048576K
Event: 4,526 GC heap after
Heap after GC invocations=5 (full 0):
 PSYoungGen      total 64000K, used 2540K [0x00000000eab00000, 0x00000000f3d00000, 0x0000000100000000)
  eden space 61440K, 0% used [0x00000000eab00000,0x00000000eab00000,0x00000000ee700000)
  from space 2560K, 99% used [0x00000000ee700000,0x00000000ee97b110,0x00000000ee980000)
  to   space 13312K, 0% used [0x00000000f3000000,0x00000000f3000000,0x00000000f3d00000)
 ParOldGen       total 40960K, used 27921K [0x00000000c0000000, 0x00000000c2800000, 0x00000000eab00000)
  object space 40960K, 68% used [0x00000000c0000000,0x00000000c1b44538,0x00000000c2800000)
 Metaspace       used 7543K, capacity 7960K, committed 8320K, reserved 1056768K
  class space    used 731K, capacity 784K, committed 896K, reserved 1048576K
}
Event: 4,961 GC heap before
{Heap before GC invocations=6 (full 0):
 PSYoungGen      total 64000K, used 63980K [0x00000000eab00000, 0x00000000f3d00000, 0x0000000100000000)
  eden space 61440K, 100% used [0x00000000eab00000,0x00000000ee700000,0x00000000ee700000)
  from space 2560K, 99% used [0x00000000ee700000,0x00000000ee97b110,0x00000000ee980000)
  to   space 13312K, 0% used [0x00000000f3000000,0x00000000f3000000,0x00000000f3d00000)
 ParOldGen       total 40960K, used 27921K [0x00000000c0000000, 0x00000000c2800000, 0x00000000eab00000)
  object space 40960K, 68% used [0x00000000c0000000,0x00000000c1b44538,0x00000000c2800000)
 Metaspace       used 7637K, capacity 7966K, committed 8320K, reserved 1056768K
  class space    used 740K, capacity 785K, committed 896K, reserved 1048576K
Event: 4,993 GC heap after
Heap after GC invocations=6 (full 0):
 PSYoungGen      total 134144K, used 12716K [0x00000000eab00000, 0x00000000f4100000, 0x0000000100000000)
  eden space 120832K, 0% used [0x00000000eab00000,0x00000000eab00000,0x00000000f2100000)
  from space 13312K, 95% used [0x00000000f3000000,0x00000000f3c6b110,0x00000000f3d00000)
  to   space 15360K, 0% used [0x00000000f2100000,0x00000000f2100000,0x00000000f3000000)
 ParOldGen       total 40960K, used 30505K [0x00000000c0000000, 0x00000000c2800000, 0x00000000eab00000)
  object space 40960K, 74% used [0x00000000c0000000,0x00000000c1dca500,0x00000000c2800000)
 Metaspace       used 7637K, capacity 7966K, committed 8320K, reserved 1056768K
  class space    used 740K, capacity 785K, committed 896K, reserved 1048576K
}
Event: 4,994 GC heap before
{Heap before GC invocations=7 (full 1):
 PSYoungGen      total 134144K, used 12716K [0x00000000eab00000, 0x00000000f4100000, 0x0000000100000000)
  eden space 120832K, 0% used [0x00000000eab00000,0x00000000eab00000,0x00000000f2100000)
  from space 13312K, 95% used [0x00000000f3000000,0x00000000f3c6b110,0x00000000f3d00000)
  to   space 15360K, 0% used [0x00000000f2100000,0x00000000f2100000,0x00000000f3000000)
 ParOldGen       total 40960K, used 30505K [0x00000000c0000000, 0x00000000c2800000, 0x00000000eab00000)
  object space 40960K, 74% used [0x00000000c0000000,0x00000000c1dca500,0x00000000c2800000)
 Metaspace       used 7637K, capacity 7966K, committed 8320K, reserved 1056768K
  class space    used 740K, capacity 785K, committed 896K, reserved 1048576K
Event: 5,124 GC heap after
Heap after GC invocations=7 (full 1):
 PSYoungGen      total 134144K, used 0K [0x00000000eab00000, 0x00000000f4100000, 0x0000000100000000)
  eden space 120832K, 0% used [0x00000000eab00000,0x00000000eab00000,0x00000000f2100000)
  from space 13312K, 0% used [0x00000000f3000000,0x00000000f3000000,0x00000000f3d00000)
  to   space 15360K, 0% used [0x00000000f2100000,0x00000000f2100000,0x00000000f3000000)
 ParOldGen       total 51712K, used 20480K [0x00000000c0000000, 0x00000000c3280000, 0x00000000eab00000)
  object space 51712K, 39% used [0x00000000c0000000,0x00000000c1400058,0x00000000c3280000)
 Metaspace       used 7637K, capacity 7966K, committed 8320K, reserved 1056768K
  class space    used 740K, capacity 785K, committed 896K, reserved 1048576K
}
Event: 6,035 GC heap before
{Heap before GC invocations=8 (full 1):
 PSYoungGen      total 134144K, used 120832K [0x00000000eab00000, 0x00000000f4100000, 0x0000000100000000)
  eden space 120832K, 100% used [0x00000000eab00000,0x00000000f2100000,0x00000000f2100000)
  from space 13312K, 0% used [0x00000000f3000000,0x00000000f3000000,0x00000000f3d00000)
  to   space 15360K, 0% used [0x00000000f2100000,0x00000000f2100000,0x00000000f3000000)
 ParOldGen       total 51712K, used 20480K [0x00000000c0000000, 0x00000000c3280000, 0x00000000eab00000)
  object space 51712K, 39% used [0x00000000c0000000,0x00000000c1400058,0x00000000c3280000)
 Metaspace       used 7650K, capacity 7966K, committed 8320K, reserved 1056768K
  class space    used 740K, capacity 785K, committed 896K, reserved 1048576K

