# JRE version: Java(TM) SE Runtime Environment (8.0_66-b17) (build 1.8.0_66-b17)
# Java VM: Java HotSpot(TM) 64-Bit Server VM (25.66-b17 mixed mode linux-amd64 compressed oops)
Heap:
 PSYoungGen      total 137728K, used 13803K [0x00000000eab00000, 0x00000000f4100000, 0x0000000100000000)
  eden space 122368K, 0% used [0x00000000eab00000,0x00000000eab00000,0x00000000f2280000)
  from space 15360K, 89% used [0x00000000f2280000,0x00000000f2ffad70,0x00000000f3180000)
  to   space 14848K, 0% used [0x00000000f3180000,0x00000000f3180000,0x00000000f4000000)
 ParOldGen       total 40960K, used 35461K [0x00000000c0000000, 0x00000000c2800000, 0x00000000eab00000)
  object space 40960K, 86% used [0x00000000c0000000,0x00000000c22a17c0,0x00000000c2800000)
 Metaspace       used 7611K, capacity 7966K, committed 8320K, reserved 1056768K
  class space    used 741K, capacity 785K, committed 896K, reserved 1048576K
GC Heap History (10 events):
Event: 1,830 GC heap after
Heap after GC invocations=2 (full 0):
 PSYoungGen      total 33280K, used 2549K [0x00000000eab00000, 0x00000000ece00000, 0x0000000100000000)
  eden space 30720K, 0% used [0x00000000eab00000,0x00000000eab00000,0x00000000ec900000)
  from space 2560K, 99% used [0x00000000ecb80000,0x00000000ecdfd608,0x00000000ece00000)
  to   space 2560K, 0% used [0x00000000ec900000,0x00000000ec900000,0x00000000ecb80000)
 ParOldGen       total 40960K, used 5132K [0x00000000c0000000, 0x00000000c2800000, 0x00000000eab00000)
  object space 40960K, 12% used [0x00000000c0000000,0x00000000c0503228,0x00000000c2800000)
 Metaspace       used 5515K, capacity 6768K, committed 7040K, reserved 1056768K
  class space    used 559K, capacity 616K, committed 640K, reserved 1048576K
}
Event: 2,339 GC heap before
{Heap before GC invocations=3 (full 0):
 PSYoungGen      total 33280K, used 32294K [0x00000000eab00000, 0x00000000ece00000, 0x0000000100000000)
  eden space 30720K, 96% used [0x00000000eab00000,0x00000000ec80c280,0x00000000ec900000)
  from space 2560K, 99% used [0x00000000ecb80000,0x00000000ecdfd608,0x00000000ece00000)
  to   space 2560K, 0% used [0x00000000ec900000,0x00000000ec900000,0x00000000ecb80000)
 ParOldGen       total 40960K, used 5132K [0x00000000c0000000, 0x00000000c2800000, 0x00000000eab00000)
  object space 40960K, 12% used [0x00000000c0000000,0x00000000c0503228,0x00000000c2800000)
 Metaspace       used 5794K, capacity 6896K, committed 7040K, reserved 1056768K
  class space    used 578K, capacity 616K, committed 640K, reserved 1048576K
Event: 2,370 GC heap after
Heap after GC invocations=3 (full 0):
 PSYoungGen      total 33280K, used 2540K [0x00000000eab00000, 0x00000000eec00000, 0x0000000100000000)
  eden space 30720K, 0% used [0x00000000eab00000,0x00000000eab00000,0x00000000ec900000)
  from space 2560K, 99% used [0x00000000ec900000,0x00000000ecb7b370,0x00000000ecb80000)
  to   space 2560K, 0% used [0x00000000ee980000,0x00000000ee980000,0x00000000eec00000)
 ParOldGen       total 40960K, used 12939K [0x00000000c0000000, 0x00000000c2800000, 0x00000000eab00000)
  object space 40960K, 31% used [0x00000000c0000000,0x00000000c0ca2c38,0x00000000c2800000)
 Metaspace       used 5794K, capacity 6896K, committed 7040K, reserved 1056768K
  class space    used 578K, capacity 616K, committed 640K, reserved 1048576K
}
Event: 3,525 GC heap before
{Heap before GC invocations=4 (full 0):
 PSYoungGen      total 33280K, used 33260K [0x00000000eab00000, 0x00000000eec00000, 0x0000000100000000)
  eden space 30720K, 100% used [0x00000000eab00000,0x00000000ec900000,0x00000000ec900000)
  from space 2560K, 99% used [0x00000000ec900000,0x00000000ecb7b370,0x00000000ecb80000)
  to   space 2560K, 0% used [0x00000000ee980000,0x00000000ee980000,0x00000000eec00000)
 ParOldGen       total 40960K, used 12939K [0x00000000c0000000, 0x00000000c2800000, 0x00000000eab00000)
  object space 40960K, 31% used [0x00000000c0000000,0x00000000c0ca2c38,0x00000000c2800000)
 Metaspace       used 7435K, capacity 7896K, committed 8064K, reserved 1056768K
  class space    used 731K, capacity 784K, committed 896K, reserved 1048576K
Event: 3,562 GC heap after
Heap after GC invocations=4 (full 0):
 PSYoungGen      total 64000K, used 2533K [0x00000000eab00000, 0x00000000eec00000, 0x0000000100000000)
  eden space 61440K, 0% used [0x00000000eab00000,0x00000000eab00000,0x00000000ee700000)
  from space 2560K, 98% used [0x00000000ee980000,0x00000000eebf9500,0x00000000eec00000)
  to   space 2560K, 0% used [0x00000000ee700000,0x00000000ee700000,0x00000000ee980000)
 ParOldGen       total 40960K, used 22965K [0x00000000c0000000, 0x00000000c2800000, 0x00000000eab00000)
  object space 40960K, 56% used [0x00000000c0000000,0x00000000c166d618,0x00000000c2800000)
 Metaspace       used 7435K, capacity 7896K, committed 8064K, reserved 1056768K
  class space    used 731K, capacity 784K, committed 896K, reserved 1048576K
}
Event: 4,225 GC heap before
{Heap before GC invocations=5 (full 0):
 PSYoungGen      total 64000K, used 63973K [0x00000000eab00000, 0x00000000eec00000, 0x0000000100000000)
  eden space 61440K, 100% used [0x00000000eab00000,0x00000000ee700000,0x00000000ee700000)
  from space 2560K, 98% used [0x00000000ee980000,0x00000000eebf9500,0x00000000eec00000)
  to   space 2560K, 0% used [0x00000000ee700000,0x00000000ee700000,0x00000000ee980000)
 ParOldGen       total 40960K, used 22965K [0x00000000c0000000, 0x00000000c2800000, 0x00000000eab00000)
  object space 40960K, 56% used [0x00000000c0000000,0x00000000c166d618,0x00000000c2800000)
 Metaspace       used 7496K, capacity 7960K, committed 8320K, reserved 1056768K
  class space    used 732K, capacity 784K, committed 896K, reserved 1048576K
Event: 4,250 GC heap after
Heap after GC invocations=5 (full 0):
 PSYoungGen      total 64000K, used 2554K [0x00000000eab00000, 0x00000000f4000000, 0x0000000100000000)
  eden space 61440K, 0% used [0x00000000eab00000,0x00000000eab00000,0x00000000ee700000)
  from space 2560K, 99% used [0x00000000ee700000,0x00000000ee97e8b0,0x00000000ee980000)
  to   space 14848K, 0% used [0x00000000f3180000,0x00000000f3180000,0x00000000f4000000)
 ParOldGen       total 40960K, used 24757K [0x00000000c0000000, 0x00000000c2800000, 0x00000000eab00000)
  object space 40960K, 60% used [0x00000000c0000000,0x00000000c182d500,0x00000000c2800000)
 Metaspace       used 7496K, capacity 7960K, committed 8320K, reserved 1056768K
  class space    used 732K, capacity 784K, committed 896K, reserved 1048576K
}
Event: 4,774 GC heap before
{Heap before GC invocations=6 (full 0):
 PSYoungGen      total 64000K, used 63963K [0x00000000eab00000, 0x00000000f4000000, 0x0000000100000000)
  eden space 61440K, 99% used [0x00000000eab00000,0x00000000ee6f84d8,0x00000000ee700000)
  from space 2560K, 99% used [0x00000000ee700000,0x00000000ee97e8b0,0x00000000ee980000)
  to   space 14848K, 0% used [0x00000000f3180000,0x00000000f3180000,0x00000000f4000000)
 ParOldGen       total 40960K, used 24757K [0x00000000c0000000, 0x00000000c2800000, 0x00000000eab00000)
  object space 40960K, 60% used [0x00000000c0000000,0x00000000c182d500,0x00000000c2800000)
 Metaspace       used 7586K, capacity 7966K, committed 8320K, reserved 1056768K
  class space    used 741K, capacity 785K, committed 896K, reserved 1048576K
Event: 4,835 GC heap after
Heap after GC invocations=6 (full 0):
 PSYoungGen      total 137216K, used 10324K [0x00000000eab00000, 0x00000000f4100000, 0x0000000100000000)
  eden space 122368K, 0% used [0x00000000eab00000,0x00000000eab00000,0x00000000f2280000)
  from space 14848K, 69% used [0x00000000f3180000,0x00000000f3b95040,0x00000000f4000000)
  to   space 15360K, 0% used [0x00000000f2280000,0x00000000f2280000,0x00000000f3180000)
 ParOldGen       total 40960K, used 24757K [0x00000000c0000000, 0x00000000c2800000, 0x00000000eab00000)
  object space 40960K, 60% used [0x00000000c0000000,0x00000000c182d500,0x00000000c2800000)
 Metaspace       used 7586K, capacity 7966K, committed 8320K, reserved 1056768K
  class space    used 741K, capacity 785K, committed 896K, reserved 1048576K
}
Event: 5,585 GC heap before
{Heap before GC invocations=7 (full 0):
 PSYoungGen      total 137216K, used 132692K [0x00000000eab00000, 0x00000000f4100000, 0x0000000100000000)
  eden space 122368K, 100% used [0x00000000eab00000,0x00000000f2280000,0x00000000f2280000)
  from space 14848K, 69% used [0x00000000f3180000,0x00000000f3b95040,0x00000000f4000000)
  to   space 15360K, 0% used [0x00000000f2280000,0x00000000f2280000,0x00000000f3180000)
 ParOldGen       total 40960K, used 24757K [0x00000000c0000000, 0x00000000c2800000, 0x00000000eab00000)
  object space 40960K, 60% used [0x00000000c0000000,0x00000000c182d500,0x00000000c2800000)
 Metaspace       used 7611K, capacity 7966K, committed 8320K, reserved 1056768K
  class space    used 741K, capacity 785K, committed 896K, reserved 1048576K

